[0.032s] Invoking command in '/home/vm/ydlidar_ros2_driver/build/ydlidar_ros2_driver': CMAKE_PREFIX_PATH=${CMAKE_PREFIX_PATH}:/opt/ros/humble /usr/bin/cmake /home/vm/ydlidar_ros2_driver -DAMENT_CMAKE_SYMLINK_INSTALL=1 -DCMAKE_INSTALL_PREFIX=/home/vm/ydlidar_ros2_driver/install/ydlidar_ros2_driver
[0.149s] -- The C compiler identification is GNU 11.3.0
[0.225s] -- The CXX compiler identification is GNU 11.3.0
[0.235s] -- Detecting C compiler ABI info
[0.353s] -- Detecting C compiler ABI info - done
[0.362s] -- Check for working C compiler: /usr/bin/cc - skipped
[0.362s] -- Detecting C compile features
[0.363s] -- Detecting C compile features - done
[0.366s] -- Detecting CXX compiler ABI info
[0.481s] -- Detecting CXX compiler ABI info - done
[0.491s] -- Check for working CXX compiler: /usr/bin/c++ - skipped
[0.491s] -- Detecting CXX compile features
[0.492s] -- Detecting CXX compile features - done
[0.507s] -- Found ament_cmake: 1.3.4 (/opt/ros/humble/share/ament_cmake/cmake)
[0.718s] -- Found Python3: /usr/bin/python3.10 (found version "3.10.6") found components: Interpreter 
[0.800s] -- Override CMake install command with custom implementation using symlinks instead of copying resources
[0.832s] -- Found rclcpp: 16.0.4 (/opt/ros/humble/share/rclcpp/cmake)
[0.882s] -- Found rosidl_generator_c: 3.1.4 (/opt/ros/humble/share/rosidl_generator_c/cmake)
[0.887s] -- Found rosidl_adapter: 3.1.4 (/opt/ros/humble/share/rosidl_adapter/cmake)
[0.897s] -- Found rosidl_generator_cpp: 3.1.4 (/opt/ros/humble/share/rosidl_generator_cpp/cmake)
[0.918s] -- Using all available rosidl_typesupport_c: rosidl_typesupport_fastrtps_c;rosidl_typesupport_introspection_c
[0.941s] -- Using all available rosidl_typesupport_cpp: rosidl_typesupport_fastrtps_cpp;rosidl_typesupport_introspection_cpp
[1.034s] -- Found rmw_implementation_cmake: 6.1.1 (/opt/ros/humble/share/rmw_implementation_cmake/cmake)
[1.037s] -- Found rmw_fastrtps_cpp: 6.2.2 (/opt/ros/humble/share/rmw_fastrtps_cpp/cmake)
[1.214s] -- Found OpenSSL: /usr/lib/x86_64-linux-gnu/libcrypto.so (found version "3.0.2")  
[1.239s] -- Found FastRTPS: /opt/ros/humble/include  
[1.301s] -- Using RMW implementation 'rmw_fastrtps_cpp' as default
[1.312s] -- Looking for pthread.h
[1.426s] -- Looking for pthread.h - found
[1.426s] -- Performing Test CMAKE_HAVE_LIBC_PTHREAD
[1.538s] -- Performing Test CMAKE_HAVE_LIBC_PTHREAD - Success
[1.540s] -- Found Threads: TRUE  
[1.750s] -- Found sensor_msgs: 4.2.3 (/opt/ros/humble/share/sensor_msgs/cmake)
[1.917s] -- Found visualization_msgs: 4.2.3 (/opt/ros/humble/share/visualization_msgs/cmake)
[2.073s] -- Found std_srvs: 4.2.3 (/opt/ros/humble/share/std_srvs/cmake)
[2.099s] -- Found ament_lint_auto: 0.12.6 (/opt/ros/humble/share/ament_lint_auto/cmake)
[2.196s] -- Added test 'copyright' to check source files copyright and LICENSE
[2.202s] -- Added test 'cppcheck' to perform static code analysis on C / C++ code
[2.203s] -- Configured cppcheck include dirs: /home/vm/ydlidar_ros2_driver/src
[2.203s] -- Configured cppcheck exclude dirs and/or files: 
[2.215s] -- Added test 'cpplint' to check C / C++ code against the Google style
[2.215s] -- Configured cpplint exclude dirs and/or files: 
[2.217s] -- Added test 'flake8' to check Python code syntax and style conventions
[2.220s] -- Added test 'lint_cmake' to check CMake code style
[2.223s] -- Added test 'pep257' to check Python code against some of the docstring style conventions in PEP 257
[2.234s] -- Added test 'uncrustify' to check C / C++ code style
[2.234s] -- Configured uncrustify additional arguments: 
[2.236s] -- Added test 'xmllint' to check XML markup files
[2.238s] -- Configuring done
[2.260s] -- Generating done
[2.262s] -- Build files have been written to: /home/vm/ydlidar_ros2_driver/build/ydlidar_ros2_driver
[2.275s] Invoked command in '/home/vm/ydlidar_ros2_driver/build/ydlidar_ros2_driver' returned '0': CMAKE_PREFIX_PATH=${CMAKE_PREFIX_PATH}:/opt/ros/humble /usr/bin/cmake /home/vm/ydlidar_ros2_driver -DAMENT_CMAKE_SYMLINK_INSTALL=1 -DCMAKE_INSTALL_PREFIX=/home/vm/ydlidar_ros2_driver/install/ydlidar_ros2_driver
[2.278s] Invoking command in '/home/vm/ydlidar_ros2_driver/build/ydlidar_ros2_driver': CMAKE_PREFIX_PATH=${CMAKE_PREFIX_PATH}:/opt/ros/humble /usr/bin/cmake --build /home/vm/ydlidar_ros2_driver/build/ydlidar_ros2_driver -- -j2 -l2
[2.344s] [35m[1mConsolidate compiler generated dependencies of target ydlidar_ros2_driver_node[0m
[2.345s] [35m[1mConsolidate compiler generated dependencies of target ydlidar_ros2_driver_client[0m
[2.369s] [ 50%] Built target ydlidar_ros2_driver_node
[2.371s] [100%] Built target ydlidar_ros2_driver_client
[2.400s] Invoked command in '/home/vm/ydlidar_ros2_driver/build/ydlidar_ros2_driver' returned '0': CMAKE_PREFIX_PATH=${CMAKE_PREFIX_PATH}:/opt/ros/humble /usr/bin/cmake --build /home/vm/ydlidar_ros2_driver/build/ydlidar_ros2_driver -- -j2 -l2
[2.509s] Invoking command in '/home/vm/ydlidar_ros2_driver/build/ydlidar_ros2_driver': CMAKE_PREFIX_PATH=${CMAKE_PREFIX_PATH}:/opt/ros/humble /usr/bin/cmake --install /home/vm/ydlidar_ros2_driver/build/ydlidar_ros2_driver
[2.520s] -- Install configuration: ""
[2.520s] -- Execute custom install script
[2.521s] -- Up-to-date symlink: /home/vm/ydlidar_ros2_driver/install/ydlidar_ros2_driver/lib/ydlidar_ros2_driver/ydlidar_ros2_driver_node
[2.521s] -- Up-to-date symlink: /home/vm/ydlidar_ros2_driver/install/ydlidar_ros2_driver/lib/ydlidar_ros2_driver/ydlidar_ros2_driver_client
[2.521s] -- Up-to-date symlink: /home/vm/ydlidar_ros2_driver/install/ydlidar_ros2_driver/share/ydlidar_ros2_driver/launch/ydlidar.py
[2.522s] -- Up-to-date symlink: /home/vm/ydlidar_ros2_driver/install/ydlidar_ros2_driver/share/ydlidar_ros2_driver/launch/ydlidar_launch.py
[2.522s] -- Up-to-date symlink: /home/vm/ydlidar_ros2_driver/install/ydlidar_ros2_driver/share/ydlidar_ros2_driver/launch/ydlidar_launch_view.py
[2.523s] -- Up-to-date symlink: /home/vm/ydlidar_ros2_driver/install/ydlidar_ros2_driver/share/ydlidar_ros2_driver/params/G1.yaml
[2.523s] -- Up-to-date symlink: /home/vm/ydlidar_ros2_driver/install/ydlidar_ros2_driver/share/ydlidar_ros2_driver/params/G2.yaml
[2.523s] -- Up-to-date symlink: /home/vm/ydlidar_ros2_driver/install/ydlidar_ros2_driver/share/ydlidar_ros2_driver/params/G6.yaml
[2.523s] -- Up-to-date symlink: /home/vm/ydlidar_ros2_driver/install/ydlidar_ros2_driver/share/ydlidar_ros2_driver/params/TG.yaml
[2.524s] -- Up-to-date symlink: /home/vm/ydlidar_ros2_driver/install/ydlidar_ros2_driver/share/ydlidar_ros2_driver/params/TminiPro.yaml
[2.524s] -- Up-to-date symlink: /home/vm/ydlidar_ros2_driver/install/ydlidar_ros2_driver/share/ydlidar_ros2_driver/params/X2.yaml
[2.524s] -- Up-to-date symlink: /home/vm/ydlidar_ros2_driver/install/ydlidar_ros2_driver/share/ydlidar_ros2_driver/params/X4-Pro.yaml
[2.524s] -- Up-to-date symlink: /home/vm/ydlidar_ros2_driver/install/ydlidar_ros2_driver/share/ydlidar_ros2_driver/params/X4.yaml
[2.524s] -- Up-to-date symlink: /home/vm/ydlidar_ros2_driver/install/ydlidar_ros2_driver/share/ydlidar_ros2_driver/params/ydlidar.yaml
[2.524s] -- Up-to-date symlink: /home/vm/ydlidar_ros2_driver/install/ydlidar_ros2_driver/share/ydlidar_ros2_driver/startup/initenv.sh
[2.525s] -- Up-to-date symlink: /home/vm/ydlidar_ros2_driver/install/ydlidar_ros2_driver/share/ydlidar_ros2_driver/config/ydlidar.rviz
[2.525s] -- Up-to-date symlink: /home/vm/ydlidar_ros2_driver/install/ydlidar_ros2_driver/share/ament_index/resource_index/package_run_dependencies/ydlidar_ros2_driver
[2.525s] -- Up-to-date symlink: /home/vm/ydlidar_ros2_driver/install/ydlidar_ros2_driver/share/ament_index/resource_index/parent_prefix_path/ydlidar_ros2_driver
[2.526s] -- Up-to-date symlink: /home/vm/ydlidar_ros2_driver/install/ydlidar_ros2_driver/share/ydlidar_ros2_driver/environment/ament_prefix_path.sh
[2.526s] -- Up-to-date symlink: /home/vm/ydlidar_ros2_driver/install/ydlidar_ros2_driver/share/ydlidar_ros2_driver/environment/ament_prefix_path.dsv
[2.526s] -- Up-to-date symlink: /home/vm/ydlidar_ros2_driver/install/ydlidar_ros2_driver/share/ydlidar_ros2_driver/environment/path.sh
[2.527s] -- Up-to-date symlink: /home/vm/ydlidar_ros2_driver/install/ydlidar_ros2_driver/share/ydlidar_ros2_driver/environment/path.dsv
[2.527s] -- Up-to-date symlink: /home/vm/ydlidar_ros2_driver/install/ydlidar_ros2_driver/share/ydlidar_ros2_driver/local_setup.bash
[2.527s] -- Up-to-date symlink: /home/vm/ydlidar_ros2_driver/install/ydlidar_ros2_driver/share/ydlidar_ros2_driver/local_setup.sh
[2.527s] -- Up-to-date symlink: /home/vm/ydlidar_ros2_driver/install/ydlidar_ros2_driver/share/ydlidar_ros2_driver/local_setup.zsh
[2.528s] -- Up-to-date symlink: /home/vm/ydlidar_ros2_driver/install/ydlidar_ros2_driver/share/ydlidar_ros2_driver/local_setup.dsv
[2.528s] -- Symlinking: /home/vm/ydlidar_ros2_driver/install/ydlidar_ros2_driver/share/ydlidar_ros2_driver/package.dsv
[2.541s] -- Up-to-date symlink: /home/vm/ydlidar_ros2_driver/install/ydlidar_ros2_driver/share/ament_index/resource_index/packages/ydlidar_ros2_driver
[2.541s] -- Up-to-date symlink: /home/vm/ydlidar_ros2_driver/install/ydlidar_ros2_driver/share/ydlidar_ros2_driver/cmake/ydlidar_ros2_driverConfig.cmake
[2.541s] -- Up-to-date symlink: /home/vm/ydlidar_ros2_driver/install/ydlidar_ros2_driver/share/ydlidar_ros2_driver/cmake/ydlidar_ros2_driverConfig-version.cmake
[2.541s] -- Up-to-date symlink: /home/vm/ydlidar_ros2_driver/install/ydlidar_ros2_driver/share/ydlidar_ros2_driver/package.xml
[2.544s] Invoked command in '/home/vm/ydlidar_ros2_driver/build/ydlidar_ros2_driver' returned '0': CMAKE_PREFIX_PATH=${CMAKE_PREFIX_PATH}:/opt/ros/humble /usr/bin/cmake --install /home/vm/ydlidar_ros2_driver/build/ydlidar_ros2_driver
